<?xml version="1.0" encoding="UTF-8"?>
<!-- Generated by org.testng.reporters.JUnitXMLReporter -->
<testsuite hostname="EvgenPC" name="Task3test" tests="3" failures="0" timestamp="6 May 2013 15:35:00 GMT" time="0.021" errors="0">
  <testcase name="assertTest2" time="0.009" classname="com.epam.ehalavachou.selenium.test.Test2"/>
  <testcase name="assertTest1" time="0.0" classname="com.epam.ehalavachou.selenium.test.Test1"/>
  <testcase name="assertTest3" time="0.0" classname="com.epam.ehalavachou.selenium.test.Test3"/>
</testsuite> <!-- Task3test -->
