<?xml version="1.0" encoding="UTF-8"?>
<!-- Generated by org.testng.reporters.JUnitXMLReporter -->
<testsuite hostname="EvgenPC" name="Task3tests" tests="3" failures="0" timestamp="7 May 2013 16:02:19 GMT" time="165.223" errors="0">
  <testcase name="assertLoginPositive" time="90.124" classname="com.epam.ehalavachou.selenium.test.TestLoginPositive"/>
  <testcase name="assertLoginNegative" time="46.905" classname="com.epam.ehalavachou.selenium.test.TestLoginNegative"/>
  <testcase name="assertTimeDiff" time="28.178" classname="com.epam.ehalavachou.selenium.test.TestTimeDiffComparation"/>
</testsuite> <!-- Task3tests -->
